This is pdfTeX, Version 3.141592653-2.6-1.40.26 (TeX Live 2024) (preloaded format=pdflatex 2024.8.20)  7 MAR 2025 14:31
entering extended mode
 restricted \write18 enabled.
 file:line:error style messages enabled.
 %&-line parsing enabled.
**funwave_runs.tex
(./funwave_runs.tex
LaTeX2e <2023-11-01> patch level 1
L3 programming layer <2024-02-20>
(/usr/local/texlive/2024/texmf-dist/tex/latex/elsarticle/elsarticle.cls
Document Class: elsarticle 2020/11/20, 3.3: Elsevier Ltd
(/usr/local/texlive/2024/texmf-dist/tex/latex/l3kernel/expl3.sty
Package: expl3 2024-02-20 L3 programming layer (loader) 

(/usr/local/texlive/2024/texmf-dist/tex/latex/l3backend/l3backend-pdftex.def
File: l3backend-pdftex.def 2024-02-20 L3 backend support: PDF output (pdfTeX)
\l__color_backend_stack_int=\count188
\l__pdf_internal_box=\box51
))
(/usr/local/texlive/2024/texmf-dist/tex/latex/l3packages/xparse/xparse.sty
Package: xparse 2024-02-18 L3 Experimental document command parser
)
(/usr/local/texlive/2024/texmf-dist/tex/latex/etoolbox/etoolbox.sty
Package: etoolbox 2020/10/05 v2.5k e-TeX tools for LaTeX (JAW)
\etb@tempcnta=\count189
)
\@bls=\dimen140

(/usr/local/texlive/2024/texmf-dist/tex/latex/base/article.cls
Document Class: article 2023/05/17 v1.4n Standard LaTeX document class
(/usr/local/texlive/2024/texmf-dist/tex/latex/base/size10.clo
File: size10.clo 2023/05/17 v1.4n Standard LaTeX file (size option)
)
\c@part=\count190
\c@section=\count191
\c@subsection=\count192
\c@subsubsection=\count193
\c@paragraph=\count194
\c@subparagraph=\count195
\c@figure=\count196
\c@table=\count197
\abovecaptionskip=\skip48
\belowcaptionskip=\skip49
\bibindent=\dimen141
)
(/usr/local/texlive/2024/texmf-dist/tex/latex/graphics/graphicx.sty
Package: graphicx 2021/09/16 v1.2d Enhanced LaTeX Graphics (DPC,SPQR)

(/usr/local/texlive/2024/texmf-dist/tex/latex/graphics/keyval.sty
Package: keyval 2022/05/29 v1.15 key=value parser (DPC)
\KV@toks@=\toks17
)
(/usr/local/texlive/2024/texmf-dist/tex/latex/graphics/graphics.sty
Package: graphics 2022/03/10 v1.4e Standard LaTeX Graphics (DPC,SPQR)

(/usr/local/texlive/2024/texmf-dist/tex/latex/graphics/trig.sty
Package: trig 2021/08/11 v1.11 sin cos tan (DPC)
)
(/usr/local/texlive/2024/texmf-dist/tex/latex/graphics-cfg/graphics.cfg
File: graphics.cfg 2016/06/04 v1.11 sample graphics configuration
)
Package graphics Info: Driver file: pdftex.def on input line 107.

(/usr/local/texlive/2024/texmf-dist/tex/latex/graphics-def/pdftex.def
File: pdftex.def 2022/09/22 v1.2b Graphics/color driver for pdftex
))
\Gin@req@height=\dimen142
\Gin@req@width=\dimen143
)
\c@tnote=\count198
\c@fnote=\count199
\c@cnote=\count266
\c@ead=\count267
\c@author=\count268
\@eadauthor=\toks18
\c@affn=\count269
\absbox=\box52
\elsarticlehighlightsbox=\box53
\elsarticlegrabsbox=\box54
\keybox=\box55
\Columnwidth=\dimen144
\space@left=\dimen145
\els@boxa=\box56
\els@boxb=\box57
\leftMargin=\dimen146
\@enLab=\toks19
\@sep=\skip50
\@@sep=\skip51

(./funwave_runs.spl)
(/usr/local/texlive/2024/texmf-dist/tex/latex/natbib/natbib.sty
Package: natbib 2010/09/13 8.31b (PWD, AO)
\bibhang=\skip52
\bibsep=\skip53
LaTeX Info: Redefining \cite on input line 694.
\c@NAT@ctr=\count270
)
\splwrite=\write3
\openout3 = `funwave_runs.spl'.

\appnamewidth=\dimen147
)
(/usr/local/texlive/2024/texmf-dist/tex/latex/amsfonts/amssymb.sty
Package: amssymb 2013/01/14 v3.01 AMS font symbols

(/usr/local/texlive/2024/texmf-dist/tex/latex/amsfonts/amsfonts.sty
Package: amsfonts 2013/01/14 v3.01 Basic AMSFonts support
\@emptytoks=\toks20
\symAMSa=\mathgroup4
\symAMSb=\mathgroup5
LaTeX Font Info:    Redeclaring math symbol \hbar on input line 98.
LaTeX Font Info:    Overwriting math alphabet `\mathfrak' in version `bold'
(Font)                  U/euf/m/n --> U/euf/b/n on input line 106.
))
(/usr/local/texlive/2024/texmf-dist/tex/latex/amsmath/amsmath.sty
Package: amsmath 2023/05/13 v2.17o AMS math features
\@mathmargin=\skip54

For additional information on amsmath, use the `?' option.
(/usr/local/texlive/2024/texmf-dist/tex/latex/amsmath/amstext.sty
Package: amstext 2021/08/26 v2.01 AMS text

(/usr/local/texlive/2024/texmf-dist/tex/latex/amsmath/amsgen.sty
File: amsgen.sty 1999/11/30 v2.0 generic functions
\@emptytoks=\toks21
\ex@=\dimen148
))
(/usr/local/texlive/2024/texmf-dist/tex/latex/amsmath/amsbsy.sty
Package: amsbsy 1999/11/29 v1.2d Bold Symbols
\pmbraise@=\dimen149
)
(/usr/local/texlive/2024/texmf-dist/tex/latex/amsmath/amsopn.sty
Package: amsopn 2022/04/08 v2.04 operator names
)
\inf@bad=\count271
LaTeX Info: Redefining \frac on input line 234.
\uproot@=\count272
\leftroot@=\count273
LaTeX Info: Redefining \overline on input line 399.
LaTeX Info: Redefining \colon on input line 410.
\classnum@=\count274
\DOTSCASE@=\count275
LaTeX Info: Redefining \ldots on input line 496.
LaTeX Info: Redefining \dots on input line 499.
LaTeX Info: Redefining \cdots on input line 620.
\Mathstrutbox@=\box58
\strutbox@=\box59
LaTeX Info: Redefining \big on input line 722.
LaTeX Info: Redefining \Big on input line 723.
LaTeX Info: Redefining \bigg on input line 724.
LaTeX Info: Redefining \Bigg on input line 725.
\big@size=\dimen150
LaTeX Font Info:    Redeclaring font encoding OML on input line 743.
LaTeX Font Info:    Redeclaring font encoding OMS on input line 744.
\macc@depth=\count276
LaTeX Info: Redefining \bmod on input line 905.
LaTeX Info: Redefining \pmod on input line 910.
LaTeX Info: Redefining \smash on input line 940.
LaTeX Info: Redefining \relbar on input line 970.
LaTeX Info: Redefining \Relbar on input line 971.
\c@MaxMatrixCols=\count277
\dotsspace@=\muskip16
\c@parentequation=\count278
\dspbrk@lvl=\count279
\tag@help=\toks22
\row@=\count280
\column@=\count281
\maxfields@=\count282
\andhelp@=\toks23
\eqnshift@=\dimen151
\alignsep@=\dimen152
\tagshift@=\dimen153
\tagwidth@=\dimen154
\totwidth@=\dimen155
\lineht@=\dimen156
\@envbody=\toks24
\multlinegap=\skip55
\multlinetaggap=\skip56
\mathdisplay@stack=\toks25
LaTeX Info: Redefining \[ on input line 2953.
LaTeX Info: Redefining \] on input line 2954.
)
(/usr/local/texlive/2024/texmf-dist/tex/latex/lineno/lineno.sty
Package: lineno 2023/05/20 line numbers on paragraphs v5.3

(/usr/local/texlive/2024/texmf-dist/tex/latex/kvoptions/kvoptions.sty
Package: kvoptions 2022-06-15 v3.15 Key value format for package options (HO)

(/usr/local/texlive/2024/texmf-dist/tex/generic/ltxcmds/ltxcmds.sty
Package: ltxcmds 2023-12-04 v1.26 LaTeX kernel commands for general use (HO)
)
(/usr/local/texlive/2024/texmf-dist/tex/latex/kvsetkeys/kvsetkeys.sty
Package: kvsetkeys 2022-10-05 v1.19 Key value parser (HO)
))
\linenopenalty=\count283
\output=\toks26
\linenoprevgraf=\count284
\linenumbersep=\dimen157
\linenumberwidth=\dimen158
\c@linenumber=\count285
\c@pagewiselinenumber=\count286
\c@LN@truepage=\count287
\c@internallinenumber=\count288
\c@internallinenumbers=\count289
\quotelinenumbersep=\dimen159
\bframerule=\dimen160
\bframesep=\dimen161
\bframebox=\box60
\linenoamsmath@ams@eqpen=\count290
LaTeX Info: Redefining \\ on input line 3180.
)
(/usr/local/texlive/2024/texmf-dist/tex/latex/epstopdf-pkg/epstopdf.sty
Package: epstopdf 2020-01-24 v2.11 Conversion with epstopdf on the fly (HO)

(/usr/local/texlive/2024/texmf-dist/tex/generic/infwarerr/infwarerr.sty
Package: infwarerr 2019/12/03 v1.5 Providing info/warning/error messages (HO)
)
(/usr/local/texlive/2024/texmf-dist/tex/latex/grfext/grfext.sty
Package: grfext 2019/12/03 v1.3 Manage graphics extensions (HO)

(/usr/local/texlive/2024/texmf-dist/tex/generic/kvdefinekeys/kvdefinekeys.sty
Package: kvdefinekeys 2019-12-19 v1.6 Define keys (HO)
)) (/usr/local/texlive/2024/texmf-dist/tex/generic/pdftexcmds/pdftexcmds.sty
Package: pdftexcmds 2020-06-27 v0.33 Utility functions of pdfTeX for LuaTeX (HO
)

(/usr/local/texlive/2024/texmf-dist/tex/generic/iftex/iftex.sty
Package: iftex 2022/02/03 v1.0f TeX engine tests
)
Package pdftexcmds Info: \pdf@primitive is available.
Package pdftexcmds Info: \pdf@ifprimitive is available.
Package pdftexcmds Info: \pdfdraftmode found.
)
(/usr/local/texlive/2024/texmf-dist/tex/latex/epstopdf-pkg/epstopdf-base.sty
Package: epstopdf-base 2020-01-24 v2.11 Base part for package epstopdf
Package epstopdf-base Info: Redefining graphics rule for `.eps' on input line 4
85.
Package grfext Info: Graphics extension search list:
(grfext)             [.pdf,.png,.jpg,.mps,.jpeg,.jbig2,.jb2,.PDF,.PNG,.JPG,.JPE
G,.JBIG2,.JB2,.eps]
(grfext)             \AppendGraphicsExtensions on input line 504.

(/usr/local/texlive/2024/texmf-dist/tex/latex/latexconfig/epstopdf-sys.cfg
File: epstopdf-sys.cfg 2010/07/13 v1.3 Configuration of (r)epstopdf for TeX Liv
e
)))
(/usr/local/texlive/2024/texmf-dist/tex/latex/graphics/epsfig.sty
Package: epsfig 2017/06/25 v1.7b (e)psfig emulation (SPQR)
\epsfxsize=\dimen162
\epsfysize=\dimen163
)
(/usr/local/texlive/2024/texmf-dist/tex/latex/setspace/setspace.sty
Package: setspace 2022/12/04 v6.7b set line spacing
)
(./funwave_runs.aux

LaTeX Warning: Label `lineargrid' multiply defined.


LaTeX Warning: Label `lineargrid' multiply defined.


LaTeX Warning: Label `lineargrid' multiply defined.


LaTeX Warning: Label `lineargrid' multiply defined.


LaTeX Warning: Label `lineargrid' multiply defined.


LaTeX Warning: Label `lineargrid' multiply defined.


LaTeX Warning: Label `lineargrid' multiply defined.


LaTeX Warning: Label `lineargrid' multiply defined.


LaTeX Warning: Label `lineargrid' multiply defined.


LaTeX Warning: Label `lineargrid' multiply defined.


LaTeX Warning: Label `lineargrid' multiply defined.


LaTeX Warning: Label `lineargrid' multiply defined.


LaTeX Warning: Label `lineargrid' multiply defined.


LaTeX Warning: Label `lineargrid' multiply defined.


LaTeX Warning: Label `lineargrid' multiply defined.


LaTeX Warning: Label `lineargrid' multiply defined.


LaTeX Warning: Label `lineargrid' multiply defined.


LaTeX Warning: Label `lineargrid' multiply defined.


LaTeX Warning: Label `lineargrid' multiply defined.


LaTeX Warning: Label `lineargrid' multiply defined.


LaTeX Warning: Label `lineargrid' multiply defined.


LaTeX Warning: Label `lineargrid' multiply defined.


LaTeX Warning: Label `lineargrid' multiply defined.


LaTeX Warning: Label `lineargrid' multiply defined.


LaTeX Warning: Label `lineargrid' multiply defined.


LaTeX Warning: Label `lineargrid' multiply defined.


LaTeX Warning: Label `lineargrid' multiply defined.


LaTeX Warning: Label `lineargrid' multiply defined.


LaTeX Warning: Label `lineargrid' multiply defined.


LaTeX Warning: Label `lineargrid' multiply defined.


LaTeX Warning: Label `lineargrid' multiply defined.


LaTeX Warning: Label `lineargrid' multiply defined.


LaTeX Warning: Label `lineargrid' multiply defined.


LaTeX Warning: Label `lineargrid' multiply defined.


LaTeX Warning: Label `lineargrid' multiply defined.


LaTeX Warning: Label `lineargrid' multiply defined.


LaTeX Warning: Label `lineargrid' multiply defined.


LaTeX Warning: Label `lineargrid' multiply defined.


LaTeX Warning: Label `lineargrid' multiply defined.


LaTeX Warning: Label `lineargrid' multiply defined.


LaTeX Warning: Label `lineargrid' multiply defined.

)
\openout1 = `funwave_runs.aux'.

LaTeX Font Info:    Checking defaults for OML/cmm/m/it on input line 24.
LaTeX Font Info:    ... okay on input line 24.
LaTeX Font Info:    Checking defaults for OMS/cmsy/m/n on input line 24.
LaTeX Font Info:    ... okay on input line 24.
LaTeX Font Info:    Checking defaults for OT1/cmr/m/n on input line 24.
LaTeX Font Info:    ... okay on input line 24.
LaTeX Font Info:    Checking defaults for T1/cmr/m/n on input line 24.
LaTeX Font Info:    ... okay on input line 24.
LaTeX Font Info:    Checking defaults for TS1/cmr/m/n on input line 24.
LaTeX Font Info:    ... okay on input line 24.
LaTeX Font Info:    Checking defaults for OMX/cmex/m/n on input line 24.
LaTeX Font Info:    ... okay on input line 24.
LaTeX Font Info:    Checking defaults for U/cmr/m/n on input line 24.
LaTeX Font Info:    ... okay on input line 24.
 (/usr/local/texlive/2024/texmf-dist/tex/context/base/mkii/supp-pdf.mkii
[Loading MPS to PDF converter (version 2006.09.02).]
\scratchcounter=\count291
\scratchdimen=\dimen164
\scratchbox=\box61
\nofMPsegments=\count292
\nofMParguments=\count293
\everyMPshowfont=\toks27
\MPscratchCnt=\count294
\MPscratchDim=\dimen165
\MPnumerator=\count295
\makeMPintoPDFobject=\count296
\everyMPtoPDFconversion=\toks28
)
LaTeX Font Info:    Trying to load font information for U+msa on input line 37.

 (/usr/local/texlive/2024/texmf-dist/tex/latex/amsfonts/umsa.fd
File: umsa.fd 2013/01/14 v3.01 AMS symbols A
)
LaTeX Font Info:    Trying to load font information for U+msb on input line 37.


(/usr/local/texlive/2024/texmf-dist/tex/latex/amsfonts/umsb.fd
File: umsb.fd 2013/01/14 v3.01 AMS symbols B
)
<diagnose.pdf, id=1, 628.04706pt x 387.71973pt>
File: diagnose.pdf Graphic file (type pdf)
<use diagnose.pdf>
Package pdftex.def Info: diagnose.pdf  used on input line 80.
(pdftex.def)             Requested size: 345.0pt x 212.98619pt.
 [1

{/usr/local/texlive/2024/texmf-var/fonts/map/pdftex/updmap/pdftex.map}] [2 <./d
iagnose.pdf>]
<../data/preprocessing/plots/CASE01.jpg, id=22, 1505.625pt x 1806.75pt>
File: ../data/preprocessing/plots/CASE01.jpg Graphic file (type jpg)
<use ../data/preprocessing/plots/CASE01.jpg>
Package pdftex.def Info: ../data/preprocessing/plots/CASE01.jpg  used on input 
line 113.
(pdftex.def)             Requested size: 276.00105pt x 331.18338pt.
<../data/preprocessing/plots/CASE02.jpg, id=23, 1505.625pt x 1806.75pt>
File: ../data/preprocessing/plots/CASE02.jpg Graphic file (type jpg)
<use ../data/preprocessing/plots/CASE02.jpg>
Package pdftex.def Info: ../data/preprocessing/plots/CASE02.jpg  used on input 
line 121.
(pdftex.def)             Requested size: 345.0pt x 413.99991pt.
<../data/preprocessing/plots/CASE03.jpg, id=24, 1505.625pt x 1806.75pt>
File: ../data/preprocessing/plots/CASE03.jpg Graphic file (type jpg)
<use ../data/preprocessing/plots/CASE03.jpg>
Package pdftex.def Info: ../data/preprocessing/plots/CASE03.jpg  used on input 
line 129.
(pdftex.def)             Requested size: 345.0pt x 413.99991pt.
<../data/preprocessing/plots/CASE04.jpg, id=25, 1505.625pt x 1806.75pt>
File: ../data/preprocessing/plots/CASE04.jpg Graphic file (type jpg)
<use ../data/preprocessing/plots/CASE04.jpg>
Package pdftex.def Info: ../data/preprocessing/plots/CASE04.jpg  used on input 
line 137.
(pdftex.def)             Requested size: 345.0pt x 413.99991pt.
<../data/preprocessing/plots/CASE05.jpg, id=26, 1505.625pt x 1806.75pt>
File: ../data/preprocessing/plots/CASE05.jpg Graphic file (type jpg)
<use ../data/preprocessing/plots/CASE05.jpg>
Package pdftex.def Info: ../data/preprocessing/plots/CASE05.jpg  used on input 
line 145.
(pdftex.def)             Requested size: 345.0pt x 413.99991pt.
<../data/preprocessing/plots/CASE06.jpg, id=27, 1505.625pt x 1806.75pt>
File: ../data/preprocessing/plots/CASE06.jpg Graphic file (type jpg)
<use ../data/preprocessing/plots/CASE06.jpg>
Package pdftex.def Info: ../data/preprocessing/plots/CASE06.jpg  used on input 
line 153.
(pdftex.def)             Requested size: 345.0pt x 413.99991pt.
<../FUNWAVE-TVD/postprocessing/plots/CASE01_Trial01.jpg, id=28, 1171.37625pt x 
878.28125pt>
File: ../FUNWAVE-TVD/postprocessing/plots/CASE01_Trial01.jpg Graphic file (type
 jpg)
<use ../FUNWAVE-TVD/postprocessing/plots/CASE01_Trial01.jpg>
Package pdftex.def Info: ../FUNWAVE-TVD/postprocessing/plots/CASE01_Trial01.jpg
  used on input line 163.
(pdftex.def)             Requested size: 276.00105pt x 206.94559pt.
<../FUNWAVE-TVD/postprocessing/plots/CASE01_Trial02.jpg, id=29, 1171.37625pt x 
878.28125pt>
File: ../FUNWAVE-TVD/postprocessing/plots/CASE01_Trial02.jpg Graphic file (type
 jpg)
<use ../FUNWAVE-TVD/postprocessing/plots/CASE01_Trial02.jpg>
Package pdftex.def Info: ../FUNWAVE-TVD/postprocessing/plots/CASE01_Trial02.jpg
  used on input line 171.
(pdftex.def)             Requested size: 276.00105pt x 206.94559pt.
<../FUNWAVE-TVD/postprocessing/plots/CASE01_Trial03.jpg, id=30, 1171.37625pt x 
878.28125pt>
File: ../FUNWAVE-TVD/postprocessing/plots/CASE01_Trial03.jpg Graphic file (type
 jpg)
<use ../FUNWAVE-TVD/postprocessing/plots/CASE01_Trial03.jpg>
Package pdftex.def Info: ../FUNWAVE-TVD/postprocessing/plots/CASE01_Trial03.jpg
  used on input line 179.
(pdftex.def)             Requested size: 276.00105pt x 206.94559pt.
<../FUNWAVE-TVD/postprocessing/plots/CASE01_Trial04.jpg, id=31, 1171.37625pt x 
878.28125pt>
File: ../FUNWAVE-TVD/postprocessing/plots/CASE01_Trial04.jpg Graphic file (type
 jpg)
<use ../FUNWAVE-TVD/postprocessing/plots/CASE01_Trial04.jpg>
Package pdftex.def Info: ../FUNWAVE-TVD/postprocessing/plots/CASE01_Trial04.jpg
  used on input line 187.
(pdftex.def)             Requested size: 276.00105pt x 206.94559pt.
<../FUNWAVE-TVD/postprocessing/plots/CASE01_Trial05.jpg, id=32, 1171.37625pt x 
878.28125pt>
File: ../FUNWAVE-TVD/postprocessing/plots/CASE01_Trial05.jpg Graphic file (type
 jpg)
<use ../FUNWAVE-TVD/postprocessing/plots/CASE01_Trial05.jpg>
Package pdftex.def Info: ../FUNWAVE-TVD/postprocessing/plots/CASE01_Trial05.jpg
  used on input line 195.
(pdftex.def)             Requested size: 276.00105pt x 206.94559pt.
<../FUNWAVE-TVD/postprocessing/plots/CASE02_Trial01.jpg, id=33, 1171.37625pt x 
878.28125pt>
File: ../FUNWAVE-TVD/postprocessing/plots/CASE02_Trial01.jpg Graphic file (type
 jpg)
<use ../FUNWAVE-TVD/postprocessing/plots/CASE02_Trial01.jpg>
Package pdftex.def Info: ../FUNWAVE-TVD/postprocessing/plots/CASE02_Trial01.jpg
  used on input line 205.
(pdftex.def)             Requested size: 276.00105pt x 206.94559pt.
<../FUNWAVE-TVD/postprocessing/plots/CASE02_Trial02.jpg, id=34, 1171.37625pt x 
878.28125pt>
File: ../FUNWAVE-TVD/postprocessing/plots/CASE02_Trial02.jpg Graphic file (type
 jpg)
<use ../FUNWAVE-TVD/postprocessing/plots/CASE02_Trial02.jpg>
Package pdftex.def Info: ../FUNWAVE-TVD/postprocessing/plots/CASE02_Trial02.jpg
  used on input line 213.
(pdftex.def)             Requested size: 276.00105pt x 206.94559pt.
<../FUNWAVE-TVD/postprocessing/plots/CASE02_Trial03.jpg, id=35, 1171.37625pt x 
878.28125pt>
File: ../FUNWAVE-TVD/postprocessing/plots/CASE02_Trial03.jpg Graphic file (type
 jpg)
<use ../FUNWAVE-TVD/postprocessing/plots/CASE02_Trial03.jpg>
Package pdftex.def Info: ../FUNWAVE-TVD/postprocessing/plots/CASE02_Trial03.jpg
  used on input line 221.
(pdftex.def)             Requested size: 276.00105pt x 206.94559pt.
<../FUNWAVE-TVD/postprocessing/plots/CASE02_Trial04.jpg, id=36, 1171.37625pt x 
878.28125pt>
File: ../FUNWAVE-TVD/postprocessing/plots/CASE02_Trial04.jpg Graphic file (type
 jpg)
<use ../FUNWAVE-TVD/postprocessing/plots/CASE02_Trial04.jpg>
Package pdftex.def Info: ../FUNWAVE-TVD/postprocessing/plots/CASE02_Trial04.jpg
  used on input line 229.
(pdftex.def)             Requested size: 276.00105pt x 206.94559pt.
<../FUNWAVE-TVD/postprocessing/plots/CASE02_Trial05.jpg, id=37, 1171.37625pt x 
878.28125pt>
File: ../FUNWAVE-TVD/postprocessing/plots/CASE02_Trial05.jpg Graphic file (type
 jpg)
<use ../FUNWAVE-TVD/postprocessing/plots/CASE02_Trial05.jpg>
Package pdftex.def Info: ../FUNWAVE-TVD/postprocessing/plots/CASE02_Trial05.jpg
  used on input line 237.
(pdftex.def)             Requested size: 276.00105pt x 206.94559pt.
<../FUNWAVE-TVD/postprocessing/plots/CASE03_Trial01.jpg, id=38, 1171.37625pt x 
878.28125pt>
File: ../FUNWAVE-TVD/postprocessing/plots/CASE03_Trial01.jpg Graphic file (type
 jpg)
<use ../FUNWAVE-TVD/postprocessing/plots/CASE03_Trial01.jpg>
Package pdftex.def Info: ../FUNWAVE-TVD/postprocessing/plots/CASE03_Trial01.jpg
  used on input line 245.
(pdftex.def)             Requested size: 276.00105pt x 206.94559pt.
<../FUNWAVE-TVD/postprocessing/plots/CASE03_Trial02.jpg, id=39, 1171.37625pt x 
878.28125pt>
File: ../FUNWAVE-TVD/postprocessing/plots/CASE03_Trial02.jpg Graphic file (type
 jpg)
<use ../FUNWAVE-TVD/postprocessing/plots/CASE03_Trial02.jpg>
Package pdftex.def Info: ../FUNWAVE-TVD/postprocessing/plots/CASE03_Trial02.jpg
  used on input line 253.
(pdftex.def)             Requested size: 276.00105pt x 206.94559pt.
<../FUNWAVE-TVD/postprocessing/plots/CASE03_Trial03.jpg, id=40, 1171.37625pt x 
878.28125pt>
File: ../FUNWAVE-TVD/postprocessing/plots/CASE03_Trial03.jpg Graphic file (type
 jpg)
<use ../FUNWAVE-TVD/postprocessing/plots/CASE03_Trial03.jpg>
Package pdftex.def Info: ../FUNWAVE-TVD/postprocessing/plots/CASE03_Trial03.jpg
  used on input line 261.
(pdftex.def)             Requested size: 276.00105pt x 206.94559pt.
<../FUNWAVE-TVD/postprocessing/plots/CASE03_Trial04.jpg, id=41, 1171.37625pt x 
878.28125pt>
File: ../FUNWAVE-TVD/postprocessing/plots/CASE03_Trial04.jpg Graphic file (type
 jpg)
<use ../FUNWAVE-TVD/postprocessing/plots/CASE03_Trial04.jpg>
Package pdftex.def Info: ../FUNWAVE-TVD/postprocessing/plots/CASE03_Trial04.jpg
  used on input line 269.
(pdftex.def)             Requested size: 276.00105pt x 206.94559pt.
<../FUNWAVE-TVD/postprocessing/plots/CASE03_Trial05.jpg, id=42, 1171.37625pt x 
878.28125pt>
File: ../FUNWAVE-TVD/postprocessing/plots/CASE03_Trial05.jpg Graphic file (type
 jpg)
<use ../FUNWAVE-TVD/postprocessing/plots/CASE03_Trial05.jpg>
Package pdftex.def Info: ../FUNWAVE-TVD/postprocessing/plots/CASE03_Trial05.jpg
  used on input line 277.
(pdftex.def)             Requested size: 276.00105pt x 206.94559pt.
<../FUNWAVE-TVD/postprocessing/plots/CASE04_Trial01.jpg, id=43, 1171.37625pt x 
878.28125pt>
File: ../FUNWAVE-TVD/postprocessing/plots/CASE04_Trial01.jpg Graphic file (type
 jpg)
<use ../FUNWAVE-TVD/postprocessing/plots/CASE04_Trial01.jpg>
Package pdftex.def Info: ../FUNWAVE-TVD/postprocessing/plots/CASE04_Trial01.jpg
  used on input line 285.
(pdftex.def)             Requested size: 276.00105pt x 206.94559pt.
<../FUNWAVE-TVD/postprocessing/plots/CASE04_Trial02.jpg, id=44, 1171.37625pt x 
878.28125pt>
File: ../FUNWAVE-TVD/postprocessing/plots/CASE04_Trial02.jpg Graphic file (type
 jpg)
<use ../FUNWAVE-TVD/postprocessing/plots/CASE04_Trial02.jpg>
Package pdftex.def Info: ../FUNWAVE-TVD/postprocessing/plots/CASE04_Trial02.jpg
  used on input line 293.
(pdftex.def)             Requested size: 276.00105pt x 206.94559pt.
<../FUNWAVE-TVD/postprocessing/plots/CASE04_Trial03.jpg, id=45, 1171.37625pt x 
878.28125pt>
File: ../FUNWAVE-TVD/postprocessing/plots/CASE04_Trial03.jpg Graphic file (type
 jpg)
<use ../FUNWAVE-TVD/postprocessing/plots/CASE04_Trial03.jpg>
Package pdftex.def Info: ../FUNWAVE-TVD/postprocessing/plots/CASE04_Trial03.jpg
  used on input line 301.
(pdftex.def)             Requested size: 276.00105pt x 206.94559pt.
<../FUNWAVE-TVD/postprocessing/plots/CASE04_Trial04.jpg, id=46, 1171.37625pt x 
878.28125pt>
File: ../FUNWAVE-TVD/postprocessing/plots/CASE04_Trial04.jpg Graphic file (type
 jpg)
<use ../FUNWAVE-TVD/postprocessing/plots/CASE04_Trial04.jpg>
Package pdftex.def Info: ../FUNWAVE-TVD/postprocessing/plots/CASE04_Trial04.jpg
  used on input line 309.
(pdftex.def)             Requested size: 276.00105pt x 206.94559pt.
<../FUNWAVE-TVD/postprocessing/plots/CASE04_Trial05.jpg, id=47, 1171.37625pt x 
878.28125pt>
File: ../FUNWAVE-TVD/postprocessing/plots/CASE04_Trial05.jpg Graphic file (type
 jpg)
<use ../FUNWAVE-TVD/postprocessing/plots/CASE04_Trial05.jpg>
Package pdftex.def Info: ../FUNWAVE-TVD/postprocessing/plots/CASE04_Trial05.jpg
  used on input line 317.
(pdftex.def)             Requested size: 276.00105pt x 206.94559pt.
<../FUNWAVE-TVD/postprocessing/plots/CASE05_Trial01.jpg, id=48, 1171.37625pt x 
878.28125pt>
File: ../FUNWAVE-TVD/postprocessing/plots/CASE05_Trial01.jpg Graphic file (type
 jpg)
<use ../FUNWAVE-TVD/postprocessing/plots/CASE05_Trial01.jpg>
Package pdftex.def Info: ../FUNWAVE-TVD/postprocessing/plots/CASE05_Trial01.jpg
  used on input line 325.
(pdftex.def)             Requested size: 276.00105pt x 206.94559pt.
<../FUNWAVE-TVD/postprocessing/plots/CASE05_Trial02.jpg, id=49, 1171.37625pt x 
878.28125pt>
File: ../FUNWAVE-TVD/postprocessing/plots/CASE05_Trial02.jpg Graphic file (type
 jpg)
<use ../FUNWAVE-TVD/postprocessing/plots/CASE05_Trial02.jpg>
Package pdftex.def Info: ../FUNWAVE-TVD/postprocessing/plots/CASE05_Trial02.jpg
  used on input line 333.
(pdftex.def)             Requested size: 276.00105pt x 206.94559pt.
<../FUNWAVE-TVD/postprocessing/plots/CASE05_Trial03.jpg, id=50, 1171.37625pt x 
878.28125pt>
File: ../FUNWAVE-TVD/postprocessing/plots/CASE05_Trial03.jpg Graphic file (type
 jpg)
<use ../FUNWAVE-TVD/postprocessing/plots/CASE05_Trial03.jpg>
Package pdftex.def Info: ../FUNWAVE-TVD/postprocessing/plots/CASE05_Trial03.jpg
  used on input line 341.
(pdftex.def)             Requested size: 276.00105pt x 206.94559pt.
<../FUNWAVE-TVD/postprocessing/plots/CASE05_Trial04.jpg, id=51, 1171.37625pt x 
878.28125pt>
File: ../FUNWAVE-TVD/postprocessing/plots/CASE05_Trial04.jpg Graphic file (type
 jpg)
<use ../FUNWAVE-TVD/postprocessing/plots/CASE05_Trial04.jpg>
Package pdftex.def Info: ../FUNWAVE-TVD/postprocessing/plots/CASE05_Trial04.jpg
  used on input line 349.
(pdftex.def)             Requested size: 276.00105pt x 206.94559pt.
<../FUNWAVE-TVD/postprocessing/plots/CASE05_Trial05.jpg, id=52, 1171.37625pt x 
878.28125pt>
File: ../FUNWAVE-TVD/postprocessing/plots/CASE05_Trial05.jpg Graphic file (type
 jpg)
<use ../FUNWAVE-TVD/postprocessing/plots/CASE05_Trial05.jpg>
Package pdftex.def Info: ../FUNWAVE-TVD/postprocessing/plots/CASE05_Trial05.jpg
  used on input line 357.
(pdftex.def)             Requested size: 276.00105pt x 206.94559pt.
<../FUNWAVE-TVD/postprocessing/plots/CASE05_Trial06.jpg, id=53, 1171.37625pt x 
878.28125pt>
File: ../FUNWAVE-TVD/postprocessing/plots/CASE05_Trial06.jpg Graphic file (type
 jpg)
<use ../FUNWAVE-TVD/postprocessing/plots/CASE05_Trial06.jpg>
Package pdftex.def Info: ../FUNWAVE-TVD/postprocessing/plots/CASE05_Trial06.jpg
  used on input line 365.
(pdftex.def)             Requested size: 276.00105pt x 206.94559pt.
<../FUNWAVE-TVD/postprocessing/plots/CASE05_Trial07.jpg, id=54, 1171.37625pt x 
878.28125pt>
File: ../FUNWAVE-TVD/postprocessing/plots/CASE05_Trial07.jpg Graphic file (type
 jpg)
<use ../FUNWAVE-TVD/postprocessing/plots/CASE05_Trial07.jpg>
Package pdftex.def Info: ../FUNWAVE-TVD/postprocessing/plots/CASE05_Trial07.jpg
  used on input line 373.
(pdftex.def)             Requested size: 276.00105pt x 206.94559pt.
<../FUNWAVE-TVD/postprocessing/plots/CASE05_Trial08.jpg, id=55, 1171.37625pt x 
878.28125pt>
File: ../FUNWAVE-TVD/postprocessing/plots/CASE05_Trial08.jpg Graphic file (type
 jpg)
<use ../FUNWAVE-TVD/postprocessing/plots/CASE05_Trial08.jpg>
Package pdftex.def Info: ../FUNWAVE-TVD/postprocessing/plots/CASE05_Trial08.jpg
  used on input line 381.
(pdftex.def)             Requested size: 276.00105pt x 206.94559pt.
<../FUNWAVE-TVD/postprocessing/plots/CASE05_Trial09.jpg, id=56, 1171.37625pt x 
878.28125pt>
File: ../FUNWAVE-TVD/postprocessing/plots/CASE05_Trial09.jpg Graphic file (type
 jpg)
<use ../FUNWAVE-TVD/postprocessing/plots/CASE05_Trial09.jpg>
Package pdftex.def Info: ../FUNWAVE-TVD/postprocessing/plots/CASE05_Trial09.jpg
  used on input line 389.
(pdftex.def)             Requested size: 276.00105pt x 206.94559pt.
<../FUNWAVE-TVD/postprocessing/plots/CASE05_Trial10.jpg, id=57, 1171.37625pt x 
878.28125pt>
File: ../FUNWAVE-TVD/postprocessing/plots/CASE05_Trial10.jpg Graphic file (type
 jpg)
<use ../FUNWAVE-TVD/postprocessing/plots/CASE05_Trial10.jpg>
Package pdftex.def Info: ../FUNWAVE-TVD/postprocessing/plots/CASE05_Trial10.jpg
  used on input line 397.
(pdftex.def)             Requested size: 276.00105pt x 206.94559pt.
<../FUNWAVE-TVD/postprocessing/plots/CASE06_Trial01.jpg, id=58, 1171.37625pt x 
878.28125pt>
File: ../FUNWAVE-TVD/postprocessing/plots/CASE06_Trial01.jpg Graphic file (type
 jpg)
<use ../FUNWAVE-TVD/postprocessing/plots/CASE06_Trial01.jpg>
Package pdftex.def Info: ../FUNWAVE-TVD/postprocessing/plots/CASE06_Trial01.jpg
  used on input line 405.
(pdftex.def)             Requested size: 276.00105pt x 206.94559pt.
<../FUNWAVE-TVD/postprocessing/plots/CASE06_Trial02.jpg, id=59, 1171.37625pt x 
878.28125pt>
File: ../FUNWAVE-TVD/postprocessing/plots/CASE06_Trial02.jpg Graphic file (type
 jpg)
<use ../FUNWAVE-TVD/postprocessing/plots/CASE06_Trial02.jpg>
Package pdftex.def Info: ../FUNWAVE-TVD/postprocessing/plots/CASE06_Trial02.jpg
  used on input line 413.
(pdftex.def)             Requested size: 276.00105pt x 206.94559pt.
<../FUNWAVE-TVD/postprocessing/plots/CASE06_Trial03.jpg, id=60, 1171.37625pt x 
878.28125pt>
File: ../FUNWAVE-TVD/postprocessing/plots/CASE06_Trial03.jpg Graphic file (type
 jpg)
<use ../FUNWAVE-TVD/postprocessing/plots/CASE06_Trial03.jpg>
Package pdftex.def Info: ../FUNWAVE-TVD/postprocessing/plots/CASE06_Trial03.jpg
  used on input line 421.
(pdftex.def)             Requested size: 276.00105pt x 206.94559pt.
<../FUNWAVE-TVD/postprocessing/plots/CASE06_Trial04.jpg, id=61, 1171.37625pt x 
878.28125pt>
File: ../FUNWAVE-TVD/postprocessing/plots/CASE06_Trial04.jpg Graphic file (type
 jpg)
<use ../FUNWAVE-TVD/postprocessing/plots/CASE06_Trial04.jpg>
Package pdftex.def Info: ../FUNWAVE-TVD/postprocessing/plots/CASE06_Trial04.jpg
  used on input line 429.
(pdftex.def)             Requested size: 276.00105pt x 206.94559pt.
<../FUNWAVE-TVD/postprocessing/plots/CASE06_Trial05.jpg, id=62, 1171.37625pt x 
878.28125pt>
File: ../FUNWAVE-TVD/postprocessing/plots/CASE06_Trial05.jpg Graphic file (type
 jpg)
<use ../FUNWAVE-TVD/postprocessing/plots/CASE06_Trial05.jpg>
Package pdftex.def Info: ../FUNWAVE-TVD/postprocessing/plots/CASE06_Trial05.jpg
  used on input line 437.
(pdftex.def)             Requested size: 276.00105pt x 206.94559pt.
[3 <../data/preprocessing/plots/CASE01.jpg>] [4 <../data/preprocessing/plots/CA
SE02.jpg>] [5 <../data/preprocessing/plots/CASE03.jpg>] [6 <../data/preprocessi
ng/plots/CASE04.jpg>] [7 <../data/preprocessing/plots/CASE05.jpg>] [8 <../data/
preprocessing/plots/CASE06.jpg>] [9 <../FUNWAVE-TVD/postprocessing/plots/CASE01
_Trial01.jpg> <../FUNWAVE-TVD/postprocessing/plots/CASE01_Trial02.jpg>]
[10 <../FUNWAVE-TVD/postprocessing/plots/CASE01_Trial03.jpg> <../FUNWAVE-TVD/po
stprocessing/plots/CASE01_Trial04.jpg>] [11 <../FUNWAVE-TVD/postprocessing/plot
s/CASE01_Trial05.jpg> <../FUNWAVE-TVD/postprocessing/plots/CASE02_Trial01.jpg>]
[12 <../FUNWAVE-TVD/postprocessing/plots/CASE02_Trial02.jpg> <../FUNWAVE-TVD/po
stprocessing/plots/CASE02_Trial03.jpg>] [13 <../FUNWAVE-TVD/postprocessing/plot
s/CASE02_Trial04.jpg> <../FUNWAVE-TVD/postprocessing/plots/CASE02_Trial05.jpg>]
[14 <../FUNWAVE-TVD/postprocessing/plots/CASE03_Trial01.jpg> <../FUNWAVE-TVD/po
stprocessing/plots/CASE03_Trial02.jpg>] [15 <../FUNWAVE-TVD/postprocessing/plot
s/CASE03_Trial03.jpg> <../FUNWAVE-TVD/postprocessing/plots/CASE03_Trial04.jpg>]
[16 <../FUNWAVE-TVD/postprocessing/plots/CASE03_Trial05.jpg> <../FUNWAVE-TVD/po
stprocessing/plots/CASE04_Trial01.jpg>] [17 <../FUNWAVE-TVD/postprocessing/plot
s/CASE04_Trial02.jpg> <../FUNWAVE-TVD/postprocessing/plots/CASE04_Trial03.jpg>]
[18 <../FUNWAVE-TVD/postprocessing/plots/CASE04_Trial04.jpg> <../FUNWAVE-TVD/po
stprocessing/plots/CASE04_Trial05.jpg>] [19 <../FUNWAVE-TVD/postprocessing/plot
s/CASE05_Trial01.jpg> <../FUNWAVE-TVD/postprocessing/plots/CASE05_Trial02.jpg>]
[20 <../FUNWAVE-TVD/postprocessing/plots/CASE05_Trial03.jpg> <../FUNWAVE-TVD/po
stprocessing/plots/CASE05_Trial04.jpg>] [21 <../FUNWAVE-TVD/postprocessing/plot
s/CASE05_Trial05.jpg> <../FUNWAVE-TVD/postprocessing/plots/CASE05_Trial06.jpg>]
[22 <../FUNWAVE-TVD/postprocessing/plots/CASE05_Trial07.jpg> <../FUNWAVE-TVD/po
stprocessing/plots/CASE05_Trial08.jpg>] [23 <../FUNWAVE-TVD/postprocessing/plot
s/CASE05_Trial09.jpg> <../FUNWAVE-TVD/postprocessing/plots/CASE05_Trial10.jpg>]
[24 <../FUNWAVE-TVD/postprocessing/plots/CASE06_Trial01.jpg> <../FUNWAVE-TVD/po
stprocessing/plots/CASE06_Trial02.jpg>] [25 <../FUNWAVE-TVD/postprocessing/plot
s/CASE06_Trial03.jpg> <../FUNWAVE-TVD/postprocessing/plots/CASE06_Trial04.jpg>]
[26 <../FUNWAVE-TVD/postprocessing/plots/CASE06_Trial05.jpg>]
(./funwave_runs.aux)
 ***********
LaTeX2e <2023-11-01> patch level 1
L3 programming layer <2024-02-20>
 ***********


LaTeX Warning: There were multiply-defined labels.

 ) 
Here is how much of TeX's memory you used:
 4885 strings out of 474116
 86714 string characters out of 5743682
 1938187 words of memory out of 5000000
 27187 multiletter control sequences out of 15000+600000
 560682 words of font info for 47 fonts, out of 8000000 for 9000
 1141 hyphenation exceptions out of 8191
 72i,6n,79p,284b,276s stack positions out of 10000i,1000n,20000p,200000b,200000s
</usr/local/texlive/2024/texmf-dist/fonts/type1/public/amsfonts/cm/cmbx10.pfb
></usr/local/texlive/2024/texmf-dist/fonts/type1/public/amsfonts/cm/cmbx12.pfb>
</usr/local/texlive/2024/texmf-dist/fonts/type1/public/amsfonts/cm/cmr10.pfb></
usr/local/texlive/2024/texmf-dist/fonts/type1/public/amsfonts/cm/cmr8.pfb>
Output written on funwave_runs.pdf (26 pages, 7121744 bytes).
PDF statistics:
 158 PDF objects out of 1000 (max. 8388607)
 75 compressed objects within 1 object stream
 0 named destinations out of 1000 (max. 500000)
 211 words of extra memory for PDF output out of 10000 (max. 10000000)

